Analysis & Elaboration report for Project
Thu Nov 29 00:28:27 2018
Quartus Prime Version 18.0.0 Build 614 04/24/2018 SJ Lite Edition


---------------------
; Table of Contents ;
---------------------
  1. Legal Notice
  2. Analysis & Elaboration Summary
  3. Parallel Compilation
  4. Analysis & Elaboration IP Cores Summary
  5. Source assignments for ctrler:controller|datapath:dp|Memory:Memmy|LARams:Rammy|altsyncram:altsyncram_component|altsyncram_elr3:auto_generated
  6. Parameter Settings for User Entity Instance: ctrler:controller|datapath:dp|Memory:Memmy|LARams:Rammy|altsyncram:altsyncram_component
  7. Parameter Settings for User Entity Instance: ctrler:controller|datapath:dp|genmux:PCmux
  8. Parameter Settings for User Entity Instance: ctrler:controller|datapath:dp|reg:IR
  9. Parameter Settings for User Entity Instance: ctrler:controller|datapath:dp|reg:MDR
 10. Parameter Settings for User Entity Instance: ctrler:controller|datapath:dp|genmux:WRregMux
 11. Parameter Settings for User Entity Instance: ctrler:controller|datapath:dp|genmux:WRdataMux
 12. Parameter Settings for User Entity Instance: ctrler:controller|datapath:dp|reg:registerA
 13. Parameter Settings for User Entity Instance: ctrler:controller|datapath:dp|reg:registerB
 14. Parameter Settings for User Entity Instance: ctrler:controller|datapath:dp|genmux:input1mux
 15. Parameter Settings for User Entity Instance: ctrler:controller|datapath:dp|genmux4:input2mux
 16. Parameter Settings for User Entity Instance: ctrler:controller|datapath:dp|alu_ns:ALU
 17. Parameter Settings for User Entity Instance: ctrler:controller|datapath:dp|reg:ALUoutReg
 18. Parameter Settings for User Entity Instance: ctrler:controller|datapath:dp|reg:LOReg
 19. Parameter Settings for User Entity Instance: ctrler:controller|datapath:dp|reg:HIReg
 20. Parameter Settings for User Entity Instance: ctrler:controller|datapath:dp|genmux4:HILOmux
 21. Parameter Settings for User Entity Instance: ctrler:controller|datapath:dp|genmux4:PCsourceMux
 22. altsyncram Parameter Settings by Entity Instance
 23. Analysis & Elaboration Settings
 24. Port Connectivity Checks: "ctrler:controller|datapath:dp|genmux4:PCsourceMux"
 25. Port Connectivity Checks: "ctrler:controller|datapath:dp|reg:LOReg"
 26. Port Connectivity Checks: "ctrler:controller|datapath:dp|reg:ALUoutReg"
 27. Port Connectivity Checks: "ctrler:controller|datapath:dp|alu_ns:ALU"
 28. Port Connectivity Checks: "ctrler:controller|datapath:dp|genmux4:input2mux"
 29. Port Connectivity Checks: "ctrler:controller|datapath:dp|reg:registerB"
 30. Port Connectivity Checks: "ctrler:controller|datapath:dp|reg:registerA"
 31. Port Connectivity Checks: "ctrler:controller|datapath:dp|reg:MDR"
 32. Port Connectivity Checks: "ctrler:controller|datapath:dp"
 33. Port Connectivity Checks: "ctrler:controller"
 34. Analysis & Elaboration Messages



----------------
; Legal Notice ;
----------------
Copyright (C) 2018  Intel Corporation. All rights reserved.
Your use of Intel Corporation's design tools, logic functions 
and other software and tools, and its AMPP partner logic 
functions, and any output files from any of the foregoing 
(including device programming or simulation files), and any 
associated documentation or information are expressly subject 
to the terms and conditions of the Intel Program License 
Subscription Agreement, the Intel Quartus Prime License Agreement,
the Intel FPGA IP License Agreement, or other applicable license
agreement, including, without limitation, that your use is for
the sole purpose of programming logic devices manufactured by
Intel and sold by Intel or its authorized distributors.  Please
refer to the applicable agreement for further details.



+----------------------------------------------------------------------------------+
; Analysis & Elaboration Summary                                                   ;
+------------------------------------+---------------------------------------------+
; Analysis & Elaboration Status      ; Successful - Thu Nov 29 00:28:27 2018       ;
; Quartus Prime Version              ; 18.0.0 Build 614 04/24/2018 SJ Lite Edition ;
; Revision Name                      ; Project                                     ;
; Top-level Entity Name              ; top_level                                   ;
; Family                             ; MAX 10                                      ;
; Total logic elements               ; N/A until Partition Merge                   ;
;     Total combinational functions  ; N/A until Partition Merge                   ;
;     Dedicated logic registers      ; N/A until Partition Merge                   ;
; Total registers                    ; N/A until Partition Merge                   ;
; Total pins                         ; N/A until Partition Merge                   ;
; Total virtual pins                 ; N/A until Partition Merge                   ;
; Total memory bits                  ; N/A until Partition Merge                   ;
; Embedded Multiplier 9-bit elements ; N/A until Partition Merge                   ;
; Total PLLs                         ; N/A until Partition Merge                   ;
; UFM blocks                         ; N/A until Partition Merge                   ;
; ADC blocks                         ; N/A until Partition Merge                   ;
+------------------------------------+---------------------------------------------+


+------------------------------------------+
; Parallel Compilation                     ;
+----------------------------+-------------+
; Processors                 ; Number      ;
+----------------------------+-------------+
; Number detected on machine ; 4           ;
; Maximum allowed            ; 2           ;
;                            ;             ;
; Average used               ; 1.00        ;
; Maximum used               ; 1           ;
;                            ;             ;
; Usage by Processor         ; % Time Used ;
;     Processor 1            ; 100.0%      ;
+----------------------------+-------------+


+------------------------------------------------------------------------------------------------------------------------------------------------------+
; Analysis & Elaboration IP Cores Summary                                                                                                              ;
+--------+--------------+---------+--------------+--------------+--------------------------------------------------------------------+-----------------+
; Vendor ; IP Core Name ; Version ; Release Date ; License Type ; Entity Instance                                                    ; IP Include File ;
+--------+--------------+---------+--------------+--------------+--------------------------------------------------------------------+-----------------+
; Altera ; RAM: 1-PORT  ; 18.0    ; N/A          ; N/A          ; |top_level|ctrler:controller|datapath:dp|Memory:Memmy|LARams:Rammy ; LARams.vhd      ;
+--------+--------------+---------+--------------+--------------+--------------------------------------------------------------------+-----------------+


+-----------------------------------------------------------------------------------------------------------------------------------------------+
; Source assignments for ctrler:controller|datapath:dp|Memory:Memmy|LARams:Rammy|altsyncram:altsyncram_component|altsyncram_elr3:auto_generated ;
+---------------------------------+--------------------+------+---------------------------------------------------------------------------------+
; Assignment                      ; Value              ; From ; To                                                                              ;
+---------------------------------+--------------------+------+---------------------------------------------------------------------------------+
; OPTIMIZE_POWER_DURING_SYNTHESIS ; NORMAL_COMPILATION ; -    ; -                                                                               ;
+---------------------------------+--------------------+------+---------------------------------------------------------------------------------+


+--------------------------------------------------------------------------------------------------------------------------------------+
; Parameter Settings for User Entity Instance: ctrler:controller|datapath:dp|Memory:Memmy|LARams:Rammy|altsyncram:altsyncram_component ;
+------------------------------------+----------------------+--------------------------------------------------------------------------+
; Parameter Name                     ; Value                ; Type                                                                     ;
+------------------------------------+----------------------+--------------------------------------------------------------------------+
; BYTE_SIZE_BLOCK                    ; 8                    ; Untyped                                                                  ;
; AUTO_CARRY_CHAINS                  ; ON                   ; AUTO_CARRY                                                               ;
; IGNORE_CARRY_BUFFERS               ; OFF                  ; IGNORE_CARRY                                                             ;
; AUTO_CASCADE_CHAINS                ; ON                   ; AUTO_CASCADE                                                             ;
; IGNORE_CASCADE_BUFFERS             ; OFF                  ; IGNORE_CASCADE                                                           ;
; WIDTH_BYTEENA                      ; 1                    ; Untyped                                                                  ;
; OPERATION_MODE                     ; SINGLE_PORT          ; Untyped                                                                  ;
; WIDTH_A                            ; 32                   ; Signed Integer                                                           ;
; WIDTHAD_A                          ; 8                    ; Signed Integer                                                           ;
; NUMWORDS_A                         ; 256                  ; Signed Integer                                                           ;
; OUTDATA_REG_A                      ; UNREGISTERED         ; Untyped                                                                  ;
; ADDRESS_ACLR_A                     ; NONE                 ; Untyped                                                                  ;
; OUTDATA_ACLR_A                     ; NONE                 ; Untyped                                                                  ;
; WRCONTROL_ACLR_A                   ; NONE                 ; Untyped                                                                  ;
; INDATA_ACLR_A                      ; NONE                 ; Untyped                                                                  ;
; BYTEENA_ACLR_A                     ; NONE                 ; Untyped                                                                  ;
; WIDTH_B                            ; 1                    ; Signed Integer                                                           ;
; WIDTHAD_B                          ; 1                    ; Signed Integer                                                           ;
; NUMWORDS_B                         ; 0                    ; Signed Integer                                                           ;
; INDATA_REG_B                       ; CLOCK1               ; Untyped                                                                  ;
; WRCONTROL_WRADDRESS_REG_B          ; CLOCK1               ; Untyped                                                                  ;
; RDCONTROL_REG_B                    ; CLOCK1               ; Untyped                                                                  ;
; ADDRESS_REG_B                      ; CLOCK1               ; Untyped                                                                  ;
; OUTDATA_REG_B                      ; UNREGISTERED         ; Untyped                                                                  ;
; BYTEENA_REG_B                      ; CLOCK1               ; Untyped                                                                  ;
; INDATA_ACLR_B                      ; NONE                 ; Untyped                                                                  ;
; WRCONTROL_ACLR_B                   ; NONE                 ; Untyped                                                                  ;
; ADDRESS_ACLR_B                     ; NONE                 ; Untyped                                                                  ;
; OUTDATA_ACLR_B                     ; NONE                 ; Untyped                                                                  ;
; RDCONTROL_ACLR_B                   ; NONE                 ; Untyped                                                                  ;
; BYTEENA_ACLR_B                     ; NONE                 ; Untyped                                                                  ;
; WIDTH_BYTEENA_A                    ; 1                    ; Signed Integer                                                           ;
; WIDTH_BYTEENA_B                    ; 1                    ; Signed Integer                                                           ;
; RAM_BLOCK_TYPE                     ; AUTO                 ; Untyped                                                                  ;
; BYTE_SIZE                          ; 8                    ; Signed Integer                                                           ;
; READ_DURING_WRITE_MODE_MIXED_PORTS ; DONT_CARE            ; Untyped                                                                  ;
; READ_DURING_WRITE_MODE_PORT_A      ; NEW_DATA_NO_NBE_READ ; Untyped                                                                  ;
; READ_DURING_WRITE_MODE_PORT_B      ; NEW_DATA_NO_NBE_READ ; Untyped                                                                  ;
; INIT_FILE                          ; TestCase1.mif        ; Untyped                                                                  ;
; INIT_FILE_LAYOUT                   ; PORT_A               ; Untyped                                                                  ;
; MAXIMUM_DEPTH                      ; 0                    ; Signed Integer                                                           ;
; CLOCK_ENABLE_INPUT_A               ; BYPASS               ; Untyped                                                                  ;
; CLOCK_ENABLE_INPUT_B               ; NORMAL               ; Untyped                                                                  ;
; CLOCK_ENABLE_OUTPUT_A              ; BYPASS               ; Untyped                                                                  ;
; CLOCK_ENABLE_OUTPUT_B              ; NORMAL               ; Untyped                                                                  ;
; CLOCK_ENABLE_CORE_A                ; USE_INPUT_CLKEN      ; Untyped                                                                  ;
; CLOCK_ENABLE_CORE_B                ; USE_INPUT_CLKEN      ; Untyped                                                                  ;
; ENABLE_ECC                         ; FALSE                ; Untyped                                                                  ;
; ECC_PIPELINE_STAGE_ENABLED         ; FALSE                ; Untyped                                                                  ;
; WIDTH_ECCSTATUS                    ; 3                    ; Signed Integer                                                           ;
; DEVICE_FAMILY                      ; MAX 10               ; Untyped                                                                  ;
; CBXI_PARAMETER                     ; altsyncram_elr3      ; Untyped                                                                  ;
+------------------------------------+----------------------+--------------------------------------------------------------------------+
Note: In order to hide this table in the UI and the text report file, please set the "Show Parameter Settings in Synthesis Report" option in "Analysis and Synthesis Settings -> More Settings" to "Off".


+-----------------------------------------------------------------------------------------+
; Parameter Settings for User Entity Instance: ctrler:controller|datapath:dp|genmux:PCmux ;
+----------------+-------+----------------------------------------------------------------+
; Parameter Name ; Value ; Type                                                           ;
+----------------+-------+----------------------------------------------------------------+
; width          ; 32    ; Signed Integer                                                 ;
+----------------+-------+----------------------------------------------------------------+
Note: In order to hide this table in the UI and the text report file, please set the "Show Parameter Settings in Synthesis Report" option in "Analysis and Synthesis Settings -> More Settings" to "Off".


+-----------------------------------------------------------------------------------+
; Parameter Settings for User Entity Instance: ctrler:controller|datapath:dp|reg:IR ;
+----------------+-------+----------------------------------------------------------+
; Parameter Name ; Value ; Type                                                     ;
+----------------+-------+----------------------------------------------------------+
; width          ; 32    ; Signed Integer                                           ;
+----------------+-------+----------------------------------------------------------+
Note: In order to hide this table in the UI and the text report file, please set the "Show Parameter Settings in Synthesis Report" option in "Analysis and Synthesis Settings -> More Settings" to "Off".


+------------------------------------------------------------------------------------+
; Parameter Settings for User Entity Instance: ctrler:controller|datapath:dp|reg:MDR ;
+----------------+-------+-----------------------------------------------------------+
; Parameter Name ; Value ; Type                                                      ;
+----------------+-------+-----------------------------------------------------------+
; width          ; 32    ; Signed Integer                                            ;
+----------------+-------+-----------------------------------------------------------+
Note: In order to hide this table in the UI and the text report file, please set the "Show Parameter Settings in Synthesis Report" option in "Analysis and Synthesis Settings -> More Settings" to "Off".


+--------------------------------------------------------------------------------------------+
; Parameter Settings for User Entity Instance: ctrler:controller|datapath:dp|genmux:WRregMux ;
+----------------+-------+-------------------------------------------------------------------+
; Parameter Name ; Value ; Type                                                              ;
+----------------+-------+-------------------------------------------------------------------+
; width          ; 5     ; Signed Integer                                                    ;
+----------------+-------+-------------------------------------------------------------------+
Note: In order to hide this table in the UI and the text report file, please set the "Show Parameter Settings in Synthesis Report" option in "Analysis and Synthesis Settings -> More Settings" to "Off".


+---------------------------------------------------------------------------------------------+
; Parameter Settings for User Entity Instance: ctrler:controller|datapath:dp|genmux:WRdataMux ;
+----------------+-------+--------------------------------------------------------------------+
; Parameter Name ; Value ; Type                                                               ;
+----------------+-------+--------------------------------------------------------------------+
; width          ; 32    ; Signed Integer                                                     ;
+----------------+-------+--------------------------------------------------------------------+
Note: In order to hide this table in the UI and the text report file, please set the "Show Parameter Settings in Synthesis Report" option in "Analysis and Synthesis Settings -> More Settings" to "Off".


+------------------------------------------------------------------------------------------+
; Parameter Settings for User Entity Instance: ctrler:controller|datapath:dp|reg:registerA ;
+----------------+-------+-----------------------------------------------------------------+
; Parameter Name ; Value ; Type                                                            ;
+----------------+-------+-----------------------------------------------------------------+
; width          ; 32    ; Signed Integer                                                  ;
+----------------+-------+-----------------------------------------------------------------+
Note: In order to hide this table in the UI and the text report file, please set the "Show Parameter Settings in Synthesis Report" option in "Analysis and Synthesis Settings -> More Settings" to "Off".


+------------------------------------------------------------------------------------------+
; Parameter Settings for User Entity Instance: ctrler:controller|datapath:dp|reg:registerB ;
+----------------+-------+-----------------------------------------------------------------+
; Parameter Name ; Value ; Type                                                            ;
+----------------+-------+-----------------------------------------------------------------+
; width          ; 32    ; Signed Integer                                                  ;
+----------------+-------+-----------------------------------------------------------------+
Note: In order to hide this table in the UI and the text report file, please set the "Show Parameter Settings in Synthesis Report" option in "Analysis and Synthesis Settings -> More Settings" to "Off".


+---------------------------------------------------------------------------------------------+
; Parameter Settings for User Entity Instance: ctrler:controller|datapath:dp|genmux:input1mux ;
+----------------+-------+--------------------------------------------------------------------+
; Parameter Name ; Value ; Type                                                               ;
+----------------+-------+--------------------------------------------------------------------+
; width          ; 32    ; Signed Integer                                                     ;
+----------------+-------+--------------------------------------------------------------------+
Note: In order to hide this table in the UI and the text report file, please set the "Show Parameter Settings in Synthesis Report" option in "Analysis and Synthesis Settings -> More Settings" to "Off".


+----------------------------------------------------------------------------------------------+
; Parameter Settings for User Entity Instance: ctrler:controller|datapath:dp|genmux4:input2mux ;
+----------------+-------+---------------------------------------------------------------------+
; Parameter Name ; Value ; Type                                                                ;
+----------------+-------+---------------------------------------------------------------------+
; width          ; 32    ; Signed Integer                                                      ;
+----------------+-------+---------------------------------------------------------------------+
Note: In order to hide this table in the UI and the text report file, please set the "Show Parameter Settings in Synthesis Report" option in "Analysis and Synthesis Settings -> More Settings" to "Off".


+---------------------------------------------------------------------------------------+
; Parameter Settings for User Entity Instance: ctrler:controller|datapath:dp|alu_ns:ALU ;
+----------------+-------+--------------------------------------------------------------+
; Parameter Name ; Value ; Type                                                         ;
+----------------+-------+--------------------------------------------------------------+
; width          ; 32    ; Signed Integer                                               ;
+----------------+-------+--------------------------------------------------------------+
Note: In order to hide this table in the UI and the text report file, please set the "Show Parameter Settings in Synthesis Report" option in "Analysis and Synthesis Settings -> More Settings" to "Off".


+------------------------------------------------------------------------------------------+
; Parameter Settings for User Entity Instance: ctrler:controller|datapath:dp|reg:ALUoutReg ;
+----------------+-------+-----------------------------------------------------------------+
; Parameter Name ; Value ; Type                                                            ;
+----------------+-------+-----------------------------------------------------------------+
; width          ; 32    ; Signed Integer                                                  ;
+----------------+-------+-----------------------------------------------------------------+
Note: In order to hide this table in the UI and the text report file, please set the "Show Parameter Settings in Synthesis Report" option in "Analysis and Synthesis Settings -> More Settings" to "Off".


+--------------------------------------------------------------------------------------+
; Parameter Settings for User Entity Instance: ctrler:controller|datapath:dp|reg:LOReg ;
+----------------+-------+-------------------------------------------------------------+
; Parameter Name ; Value ; Type                                                        ;
+----------------+-------+-------------------------------------------------------------+
; width          ; 32    ; Signed Integer                                              ;
+----------------+-------+-------------------------------------------------------------+
Note: In order to hide this table in the UI and the text report file, please set the "Show Parameter Settings in Synthesis Report" option in "Analysis and Synthesis Settings -> More Settings" to "Off".


+--------------------------------------------------------------------------------------+
; Parameter Settings for User Entity Instance: ctrler:controller|datapath:dp|reg:HIReg ;
+----------------+-------+-------------------------------------------------------------+
; Parameter Name ; Value ; Type                                                        ;
+----------------+-------+-------------------------------------------------------------+
; width          ; 32    ; Signed Integer                                              ;
+----------------+-------+-------------------------------------------------------------+
Note: In order to hide this table in the UI and the text report file, please set the "Show Parameter Settings in Synthesis Report" option in "Analysis and Synthesis Settings -> More Settings" to "Off".


+--------------------------------------------------------------------------------------------+
; Parameter Settings for User Entity Instance: ctrler:controller|datapath:dp|genmux4:HILOmux ;
+----------------+-------+-------------------------------------------------------------------+
; Parameter Name ; Value ; Type                                                              ;
+----------------+-------+-------------------------------------------------------------------+
; width          ; 32    ; Signed Integer                                                    ;
+----------------+-------+-------------------------------------------------------------------+
Note: In order to hide this table in the UI and the text report file, please set the "Show Parameter Settings in Synthesis Report" option in "Analysis and Synthesis Settings -> More Settings" to "Off".


+------------------------------------------------------------------------------------------------+
; Parameter Settings for User Entity Instance: ctrler:controller|datapath:dp|genmux4:PCsourceMux ;
+----------------+-------+-----------------------------------------------------------------------+
; Parameter Name ; Value ; Type                                                                  ;
+----------------+-------+-----------------------------------------------------------------------+
; width          ; 32    ; Signed Integer                                                        ;
+----------------+-------+-----------------------------------------------------------------------+
Note: In order to hide this table in the UI and the text report file, please set the "Show Parameter Settings in Synthesis Report" option in "Analysis and Synthesis Settings -> More Settings" to "Off".


+-------------------------------------------------------------------------------------------------------------------------------------+
; altsyncram Parameter Settings by Entity Instance                                                                                    ;
+-------------------------------------------+-----------------------------------------------------------------------------------------+
; Name                                      ; Value                                                                                   ;
+-------------------------------------------+-----------------------------------------------------------------------------------------+
; Number of entity instances                ; 1                                                                                       ;
; Entity Instance                           ; ctrler:controller|datapath:dp|Memory:Memmy|LARams:Rammy|altsyncram:altsyncram_component ;
;     -- OPERATION_MODE                     ; SINGLE_PORT                                                                             ;
;     -- WIDTH_A                            ; 32                                                                                      ;
;     -- NUMWORDS_A                         ; 256                                                                                     ;
;     -- OUTDATA_REG_A                      ; UNREGISTERED                                                                            ;
;     -- WIDTH_B                            ; 1                                                                                       ;
;     -- NUMWORDS_B                         ; 0                                                                                       ;
;     -- ADDRESS_REG_B                      ; CLOCK1                                                                                  ;
;     -- OUTDATA_REG_B                      ; UNREGISTERED                                                                            ;
;     -- RAM_BLOCK_TYPE                     ; AUTO                                                                                    ;
;     -- READ_DURING_WRITE_MODE_MIXED_PORTS ; DONT_CARE                                                                               ;
+-------------------------------------------+-----------------------------------------------------------------------------------------+


+------------------------------------------------------------------------------------------------------------+
; Analysis & Elaboration Settings                                                                            ;
+------------------------------------------------------------------+--------------------+--------------------+
; Option                                                           ; Setting            ; Default Value      ;
+------------------------------------------------------------------+--------------------+--------------------+
; Device                                                           ; 10M50DAF484C7G     ;                    ;
; Top-level entity name                                            ; top_level          ; Project            ;
; Family name                                                      ; MAX 10             ; Cyclone V          ;
; Use smart compilation                                            ; Off                ; Off                ;
; Enable parallel Assembler and Timing Analyzer during compilation ; On                 ; On                 ;
; Enable compact report table                                      ; Off                ; Off                ;
; Restructure Multiplexers                                         ; Auto               ; Auto               ;
; Create Debugging Nodes for IP Cores                              ; Off                ; Off                ;
; Preserve fewer node names                                        ; On                 ; On                 ;
; Intel FPGA IP Evaluation Mode                                    ; Enable             ; Enable             ;
; Verilog Version                                                  ; Verilog_2001       ; Verilog_2001       ;
; VHDL Version                                                     ; VHDL_1993          ; VHDL_1993          ;
; State Machine Processing                                         ; Auto               ; Auto               ;
; Safe State Machine                                               ; Off                ; Off                ;
; Extract Verilog State Machines                                   ; On                 ; On                 ;
; Extract VHDL State Machines                                      ; On                 ; On                 ;
; Ignore Verilog initial constructs                                ; Off                ; Off                ;
; Iteration limit for constant Verilog loops                       ; 5000               ; 5000               ;
; Iteration limit for non-constant Verilog loops                   ; 250                ; 250                ;
; Add Pass-Through Logic to Inferred RAMs                          ; On                 ; On                 ;
; Infer RAMs from Raw Logic                                        ; On                 ; On                 ;
; Parallel Synthesis                                               ; On                 ; On                 ;
; DSP Block Balancing                                              ; Auto               ; Auto               ;
; NOT Gate Push-Back                                               ; On                 ; On                 ;
; Power-Up Don't Care                                              ; On                 ; On                 ;
; Remove Redundant Logic Cells                                     ; Off                ; Off                ;
; Remove Duplicate Registers                                       ; On                 ; On                 ;
; Ignore CARRY Buffers                                             ; Off                ; Off                ;
; Ignore CASCADE Buffers                                           ; Off                ; Off                ;
; Ignore GLOBAL Buffers                                            ; Off                ; Off                ;
; Ignore ROW GLOBAL Buffers                                        ; Off                ; Off                ;
; Ignore LCELL Buffers                                             ; Off                ; Off                ;
; Ignore SOFT Buffers                                              ; On                 ; On                 ;
; Limit AHDL Integers to 32 Bits                                   ; Off                ; Off                ;
; Optimization Technique                                           ; Balanced           ; Balanced           ;
; Carry Chain Length                                               ; 70                 ; 70                 ;
; Auto Carry Chains                                                ; On                 ; On                 ;
; Auto Open-Drain Pins                                             ; On                 ; On                 ;
; Perform WYSIWYG Primitive Resynthesis                            ; Off                ; Off                ;
; Auto ROM Replacement                                             ; On                 ; On                 ;
; Auto RAM Replacement                                             ; On                 ; On                 ;
; Auto DSP Block Replacement                                       ; On                 ; On                 ;
; Auto Shift Register Replacement                                  ; Auto               ; Auto               ;
; Allow Shift Register Merging across Hierarchies                  ; Auto               ; Auto               ;
; Auto Clock Enable Replacement                                    ; On                 ; On                 ;
; Strict RAM Replacement                                           ; Off                ; Off                ;
; Allow Synchronous Control Signals                                ; On                 ; On                 ;
; Force Use of Synchronous Clear Signals                           ; Off                ; Off                ;
; Auto RAM Block Balancing                                         ; On                 ; On                 ;
; Auto RAM to Logic Cell Conversion                                ; Off                ; Off                ;
; Auto Resource Sharing                                            ; Off                ; Off                ;
; Allow Any RAM Size For Recognition                               ; Off                ; Off                ;
; Allow Any ROM Size For Recognition                               ; Off                ; Off                ;
; Allow Any Shift Register Size For Recognition                    ; Off                ; Off                ;
; Use LogicLock Constraints during Resource Balancing              ; On                 ; On                 ;
; Ignore translate_off and synthesis_off directives                ; Off                ; Off                ;
; Timing-Driven Synthesis                                          ; On                 ; On                 ;
; Report Parameter Settings                                        ; On                 ; On                 ;
; Report Source Assignments                                        ; On                 ; On                 ;
; Report Connectivity Checks                                       ; On                 ; On                 ;
; Ignore Maximum Fan-Out Assignments                               ; Off                ; Off                ;
; Synchronization Register Chain Length                            ; 2                  ; 2                  ;
; Power Optimization During Synthesis                              ; Normal compilation ; Normal compilation ;
; HDL message level                                                ; Level2             ; Level2             ;
; Suppress Register Optimization Related Messages                  ; Off                ; Off                ;
; Number of Removed Registers Reported in Synthesis Report         ; 5000               ; 5000               ;
; Number of Swept Nodes Reported in Synthesis Report               ; 5000               ; 5000               ;
; Number of Inverted Registers Reported in Synthesis Report        ; 100                ; 100                ;
; Clock MUX Protection                                             ; On                 ; On                 ;
; Auto Gated Clock Conversion                                      ; Off                ; Off                ;
; Block Design Naming                                              ; Auto               ; Auto               ;
; SDC constraint protection                                        ; Off                ; Off                ;
; Synthesis Effort                                                 ; Auto               ; Auto               ;
; Shift Register Replacement - Allow Asynchronous Clear Signal     ; On                 ; On                 ;
; Pre-Mapping Resynthesis Optimization                             ; Off                ; Off                ;
; Analysis & Synthesis Message Level                               ; Medium             ; Medium             ;
; Disable Register Merging Across Hierarchies                      ; Auto               ; Auto               ;
; Resource Aware Inference For Block RAM                           ; On                 ; On                 ;
+------------------------------------------------------------------+--------------------+--------------------+


+-------------------------------------------------------------------------------+
; Port Connectivity Checks: "ctrler:controller|datapath:dp|genmux4:PCsourceMux" ;
+---------+-------+----------+--------------------------------------------------+
; Port    ; Type  ; Severity ; Details                                          ;
+---------+-------+----------+--------------------------------------------------+
; c[1..0] ; Input ; Info     ; Stuck at GND                                     ;
; d[1..0] ; Input ; Info     ; Stuck at GND                                     ;
+---------+-------+----------+--------------------------------------------------+


+---------------------------------------------------------------------+
; Port Connectivity Checks: "ctrler:controller|datapath:dp|reg:LOReg" ;
+------+-------+----------+-------------------------------------------+
; Port ; Type  ; Severity ; Details                                   ;
+------+-------+----------+-------------------------------------------+
; rst  ; Input ; Info     ; Stuck at GND                              ;
+------+-------+----------+-------------------------------------------+


+-------------------------------------------------------------------------+
; Port Connectivity Checks: "ctrler:controller|datapath:dp|reg:ALUoutReg" ;
+------+-------+----------+-----------------------------------------------+
; Port ; Type  ; Severity ; Details                                       ;
+------+-------+----------+-----------------------------------------------+
; en   ; Input ; Info     ; Stuck at VCC                                  ;
+------+-------+----------+-----------------------------------------------+


+--------------------------------------------------------------------------------------------------------------------+
; Port Connectivity Checks: "ctrler:controller|datapath:dp|alu_ns:ALU"                                               ;
+----------+--------+----------+-------------------------------------------------------------------------------------+
; Port     ; Type   ; Severity ; Details                                                                             ;
+----------+--------+----------+-------------------------------------------------------------------------------------+
; overflow ; Output ; Info     ; Connected to dangling logic. Logic that only feeds a dangling port will be removed. ;
+----------+--------+----------+-------------------------------------------------------------------------------------+


+-----------------------------------------------------------------------------+
; Port Connectivity Checks: "ctrler:controller|datapath:dp|genmux4:input2mux" ;
+----------+-------+----------+-----------------------------------------------+
; Port     ; Type  ; Severity ; Details                                       ;
+----------+-------+----------+-----------------------------------------------+
; b[31..3] ; Input ; Info     ; Stuck at GND                                  ;
; b[1..0]  ; Input ; Info     ; Stuck at GND                                  ;
; b[2]     ; Input ; Info     ; Stuck at VCC                                  ;
; d[1..0]  ; Input ; Info     ; Stuck at GND                                  ;
+----------+-------+----------+-----------------------------------------------+


+-------------------------------------------------------------------------+
; Port Connectivity Checks: "ctrler:controller|datapath:dp|reg:registerB" ;
+------+-------+----------+-----------------------------------------------+
; Port ; Type  ; Severity ; Details                                       ;
+------+-------+----------+-----------------------------------------------+
; en   ; Input ; Info     ; Stuck at VCC                                  ;
; rst  ; Input ; Info     ; Stuck at GND                                  ;
+------+-------+----------+-----------------------------------------------+


+-------------------------------------------------------------------------+
; Port Connectivity Checks: "ctrler:controller|datapath:dp|reg:registerA" ;
+------+-------+----------+-----------------------------------------------+
; Port ; Type  ; Severity ; Details                                       ;
+------+-------+----------+-----------------------------------------------+
; en   ; Input ; Info     ; Stuck at VCC                                  ;
+------+-------+----------+-----------------------------------------------+


+-------------------------------------------------------------------+
; Port Connectivity Checks: "ctrler:controller|datapath:dp|reg:MDR" ;
+------+-------+----------+-----------------------------------------+
; Port ; Type  ; Severity ; Details                                 ;
+------+-------+----------+-----------------------------------------+
; en   ; Input ; Info     ; Stuck at VCC                            ;
+------+-------+----------+-----------------------------------------+


+-----------------------------------------------------------+
; Port Connectivity Checks: "ctrler:controller|datapath:dp" ;
+-------------+-------+----------+--------------------------+
; Port        ; Type  ; Severity ; Details                  ;
+-------------+-------+----------+--------------------------+
; jumpandlink ; Input ; Info     ; Stuck at GND             ;
; issigned    ; Input ; Info     ; Stuck at GND             ;
+-------------+-------+----------+--------------------------+


+--------------------------------------------------+
; Port Connectivity Checks: "ctrler:controller"    ;
+----------------+-------+----------+--------------+
; Port           ; Type  ; Severity ; Details      ;
+----------------+-------+----------+--------------+
; inport1[31..9] ; Input ; Info     ; Stuck at GND ;
; inport2[31..9] ; Input ; Info     ; Stuck at GND ;
+----------------+-------+----------+--------------+


+---------------------------------+
; Analysis & Elaboration Messages ;
+---------------------------------+
Info: *******************************************************************
Info: Running Quartus Prime Analysis & Elaboration
    Info: Version 18.0.0 Build 614 04/24/2018 SJ Lite Edition
    Info: Processing started: Thu Nov 29 00:28:13 2018
Info: Command: quartus_map --read_settings_files=on --write_settings_files=off Project -c Project --analysis_and_elaboration
Warning (18236): Number of processors has not been specified which may cause overloading on shared machines.  Set the global assignment NUM_PARALLEL_PROCESSORS in your QSF to an appropriate value for best performance.
Info (20030): Parallel compilation is enabled and will use 2 of the 2 processors detected
Info (12021): Found 2 design units, including 1 entities, in source file top_level.vhd
    Info (12022): Found design unit 1: top_level-tl File: C:/intelFPGA_lite/18.0/4712/Project/top_level.vhd Line: 16
    Info (12023): Found entity 1: top_level File: C:/intelFPGA_lite/18.0/4712/Project/top_level.vhd Line: 5
Info (12021): Found 2 design units, including 1 entities, in source file genmux.vhd
    Info (12022): Found design unit 1: genmux-syn File: C:/intelFPGA_lite/18.0/4712/Project/genmux.vhd Line: 14
    Info (12023): Found entity 1: genmux File: C:/intelFPGA_lite/18.0/4712/Project/genmux.vhd Line: 4
Warning (10639): VHDL warning at alu_ns_tb.vhd(87): constant value overflow File: C:/intelFPGA_lite/18.0/4712/Project/alu_ns_tb.vhd Line: 87
Warning (10639): VHDL warning at alu_ns_tb.vhd(101): constant value overflow File: C:/intelFPGA_lite/18.0/4712/Project/alu_ns_tb.vhd Line: 101
Warning (10639): VHDL warning at alu_ns_tb.vhd(103): constant value overflow File: C:/intelFPGA_lite/18.0/4712/Project/alu_ns_tb.vhd Line: 103
Info (12021): Found 2 design units, including 1 entities, in source file alu_ns_tb.vhd
    Info (12022): Found design unit 1: alu_ns_tb-TB File: C:/intelFPGA_lite/18.0/4712/Project/alu_ns_tb.vhd Line: 9
    Info (12023): Found entity 1: alu_ns_tb File: C:/intelFPGA_lite/18.0/4712/Project/alu_ns_tb.vhd Line: 6
Info (12021): Found 2 design units, including 1 entities, in source file alu_ns.vhd
    Info (12022): Found design unit 1: alu_ns-logic File: C:/intelFPGA_lite/18.0/4712/Project/alu_ns.vhd Line: 22
    Info (12023): Found entity 1: alu_ns File: C:/intelFPGA_lite/18.0/4712/Project/alu_ns.vhd Line: 5
Info (12021): Found 2 design units, including 1 entities, in source file larams.vhd
    Info (12022): Found design unit 1: larams-SYN File: C:/intelFPGA_lite/18.0/4712/Project/LARams.vhd Line: 54
    Info (12023): Found entity 1: LARams File: C:/intelFPGA_lite/18.0/4712/Project/LARams.vhd Line: 42
Warning (12019): Can't analyze file -- file LARams_tb.vhd is missing
Info (12021): Found 2 design units, including 1 entities, in source file registerfile.vhd
    Info (12022): Found design unit 1: registerfile-sync_read File: C:/intelFPGA_lite/18.0/4712/Project/registerfile.vhd Line: 25
    Info (12023): Found entity 1: registerfile File: C:/intelFPGA_lite/18.0/4712/Project/registerfile.vhd Line: 5
Info (12021): Found 2 design units, including 1 entities, in source file memory.vhd
    Info (12022): Found design unit 1: Memory-logic File: C:/intelFPGA_lite/18.0/4712/Project/Memory.vhd Line: 18
    Info (12023): Found entity 1: Memory File: C:/intelFPGA_lite/18.0/4712/Project/Memory.vhd Line: 6
Info (12021): Found 2 design units, including 1 entities, in source file bus_latch.vhd
    Info (12022): Found design unit 1: bus_latch-flip File: C:/intelFPGA_lite/18.0/4712/Project/bus_latch.vhd Line: 13
    Info (12023): Found entity 1: bus_latch File: C:/intelFPGA_lite/18.0/4712/Project/bus_latch.vhd Line: 4
Warning (10639): VHDL warning at Memory_tb.vhd(61): constant value overflow File: C:/intelFPGA_lite/18.0/4712/Project/Memory_tb.vhd Line: 61
Warning (10639): VHDL warning at Memory_tb.vhd(66): constant value overflow File: C:/intelFPGA_lite/18.0/4712/Project/Memory_tb.vhd Line: 66
Warning (10639): VHDL warning at Memory_tb.vhd(93): constant value overflow File: C:/intelFPGA_lite/18.0/4712/Project/Memory_tb.vhd Line: 93
Warning (10639): VHDL warning at Memory_tb.vhd(102): constant value overflow File: C:/intelFPGA_lite/18.0/4712/Project/Memory_tb.vhd Line: 102
Info (12021): Found 2 design units, including 1 entities, in source file memory_tb.vhd
    Info (12022): Found design unit 1: Memory_tb-TB File: C:/intelFPGA_lite/18.0/4712/Project/Memory_tb.vhd Line: 9
    Info (12023): Found entity 1: Memory_tb File: C:/intelFPGA_lite/18.0/4712/Project/Memory_tb.vhd Line: 6
Info (12021): Found 2 design units, including 1 entities, in source file genmux4.vhd
    Info (12022): Found design unit 1: genmux4-syn File: C:/intelFPGA_lite/18.0/4712/Project/genmux4.vhd Line: 13
    Info (12023): Found entity 1: genmux4 File: C:/intelFPGA_lite/18.0/4712/Project/genmux4.vhd Line: 4
Info (12021): Found 2 design units, including 1 entities, in source file reg.vhd
    Info (12022): Found design unit 1: reg-flip File: C:/intelFPGA_lite/18.0/4712/Project/reg.vhd Line: 20
    Info (12023): Found entity 1: reg File: C:/intelFPGA_lite/18.0/4712/Project/reg.vhd Line: 4
Info (12021): Found 2 design units, including 1 entities, in source file datapath.vhd
    Info (12022): Found design unit 1: datapath-logic File: C:/intelFPGA_lite/18.0/4712/Project/datapath.vhd Line: 17
    Info (12023): Found entity 1: datapath File: C:/intelFPGA_lite/18.0/4712/Project/datapath.vhd Line: 6
Info (12021): Found 2 design units, including 1 entities, in source file signextend.vhd
    Info (12022): Found design unit 1: signextend-flip File: C:/intelFPGA_lite/18.0/4712/Project/signextend.vhd Line: 11
    Info (12023): Found entity 1: signextend File: C:/intelFPGA_lite/18.0/4712/Project/signextend.vhd Line: 5
Info (12021): Found 2 design units, including 1 entities, in source file alucontroller.vhd
    Info (12022): Found design unit 1: ALUcontroller-flip File: C:/intelFPGA_lite/18.0/4712/Project/ALUcontroller.vhd Line: 13
    Info (12023): Found entity 1: ALUcontroller File: C:/intelFPGA_lite/18.0/4712/Project/ALUcontroller.vhd Line: 5
Info (12021): Found 2 design units, including 1 entities, in source file ctrler.vhd
    Info (12022): Found design unit 1: ctrler-FSM File: C:/intelFPGA_lite/18.0/4712/Project/ctrler.vhd Line: 14
    Info (12023): Found entity 1: ctrler File: C:/intelFPGA_lite/18.0/4712/Project/ctrler.vhd Line: 5
Info (12021): Found 2 design units, including 1 entities, in source file top_level_tb.vhd
    Info (12022): Found design unit 1: top_level_tb-TB File: C:/intelFPGA_lite/18.0/4712/Project/top_level_tb.vhd Line: 8
    Info (12023): Found entity 1: top_level_tb File: C:/intelFPGA_lite/18.0/4712/Project/top_level_tb.vhd Line: 5
Info (12127): Elaborating entity "top_level" for the top level hierarchy
Info (12128): Elaborating entity "ctrler" for hierarchy "ctrler:controller" File: C:/intelFPGA_lite/18.0/4712/Project/top_level.vhd Line: 37
Warning (10540): VHDL Signal Declaration warning at ctrler.vhd(29): used explicit default value for signal "JumpAndLink" because signal was never assigned a value File: C:/intelFPGA_lite/18.0/4712/Project/ctrler.vhd Line: 29
Warning (10540): VHDL Signal Declaration warning at ctrler.vhd(29): used explicit default value for signal "IsSigned" because signal was never assigned a value File: C:/intelFPGA_lite/18.0/4712/Project/ctrler.vhd Line: 29
Info (12129): Elaborating entity "datapath" using architecture "A:logic" for hierarchy "ctrler:controller|datapath:dp" File: C:/intelFPGA_lite/18.0/4712/Project/ctrler.vhd Line: 37
Info (12128): Elaborating entity "Memory" for hierarchy "ctrler:controller|datapath:dp|Memory:Memmy" File: C:/intelFPGA_lite/18.0/4712/Project/datapath.vhd Line: 111
Info (12128): Elaborating entity "bus_latch" for hierarchy "ctrler:controller|datapath:dp|Memory:Memmy|bus_latch:Inport0" File: C:/intelFPGA_lite/18.0/4712/Project/Memory.vhd Line: 46
Info (10041): Inferred latch for "DATA[0]" at bus_latch.vhd(16) File: C:/intelFPGA_lite/18.0/4712/Project/bus_latch.vhd Line: 16
Info (10041): Inferred latch for "DATA[1]" at bus_latch.vhd(16) File: C:/intelFPGA_lite/18.0/4712/Project/bus_latch.vhd Line: 16
Info (10041): Inferred latch for "DATA[2]" at bus_latch.vhd(16) File: C:/intelFPGA_lite/18.0/4712/Project/bus_latch.vhd Line: 16
Info (10041): Inferred latch for "DATA[3]" at bus_latch.vhd(16) File: C:/intelFPGA_lite/18.0/4712/Project/bus_latch.vhd Line: 16
Info (10041): Inferred latch for "DATA[4]" at bus_latch.vhd(16) File: C:/intelFPGA_lite/18.0/4712/Project/bus_latch.vhd Line: 16
Info (10041): Inferred latch for "DATA[5]" at bus_latch.vhd(16) File: C:/intelFPGA_lite/18.0/4712/Project/bus_latch.vhd Line: 16
Info (10041): Inferred latch for "DATA[6]" at bus_latch.vhd(16) File: C:/intelFPGA_lite/18.0/4712/Project/bus_latch.vhd Line: 16
Info (10041): Inferred latch for "DATA[7]" at bus_latch.vhd(16) File: C:/intelFPGA_lite/18.0/4712/Project/bus_latch.vhd Line: 16
Info (10041): Inferred latch for "DATA[8]" at bus_latch.vhd(16) File: C:/intelFPGA_lite/18.0/4712/Project/bus_latch.vhd Line: 16
Info (10041): Inferred latch for "DATA[9]" at bus_latch.vhd(16) File: C:/intelFPGA_lite/18.0/4712/Project/bus_latch.vhd Line: 16
Info (10041): Inferred latch for "DATA[10]" at bus_latch.vhd(16) File: C:/intelFPGA_lite/18.0/4712/Project/bus_latch.vhd Line: 16
Info (10041): Inferred latch for "DATA[11]" at bus_latch.vhd(16) File: C:/intelFPGA_lite/18.0/4712/Project/bus_latch.vhd Line: 16
Info (10041): Inferred latch for "DATA[12]" at bus_latch.vhd(16) File: C:/intelFPGA_lite/18.0/4712/Project/bus_latch.vhd Line: 16
Info (10041): Inferred latch for "DATA[13]" at bus_latch.vhd(16) File: C:/intelFPGA_lite/18.0/4712/Project/bus_latch.vhd Line: 16
Info (10041): Inferred latch for "DATA[14]" at bus_latch.vhd(16) File: C:/intelFPGA_lite/18.0/4712/Project/bus_latch.vhd Line: 16
Info (10041): Inferred latch for "DATA[15]" at bus_latch.vhd(16) File: C:/intelFPGA_lite/18.0/4712/Project/bus_latch.vhd Line: 16
Info (10041): Inferred latch for "DATA[16]" at bus_latch.vhd(16) File: C:/intelFPGA_lite/18.0/4712/Project/bus_latch.vhd Line: 16
Info (10041): Inferred latch for "DATA[17]" at bus_latch.vhd(16) File: C:/intelFPGA_lite/18.0/4712/Project/bus_latch.vhd Line: 16
Info (10041): Inferred latch for "DATA[18]" at bus_latch.vhd(16) File: C:/intelFPGA_lite/18.0/4712/Project/bus_latch.vhd Line: 16
Info (10041): Inferred latch for "DATA[19]" at bus_latch.vhd(16) File: C:/intelFPGA_lite/18.0/4712/Project/bus_latch.vhd Line: 16
Info (10041): Inferred latch for "DATA[20]" at bus_latch.vhd(16) File: C:/intelFPGA_lite/18.0/4712/Project/bus_latch.vhd Line: 16
Info (10041): Inferred latch for "DATA[21]" at bus_latch.vhd(16) File: C:/intelFPGA_lite/18.0/4712/Project/bus_latch.vhd Line: 16
Info (10041): Inferred latch for "DATA[22]" at bus_latch.vhd(16) File: C:/intelFPGA_lite/18.0/4712/Project/bus_latch.vhd Line: 16
Info (10041): Inferred latch for "DATA[23]" at bus_latch.vhd(16) File: C:/intelFPGA_lite/18.0/4712/Project/bus_latch.vhd Line: 16
Info (10041): Inferred latch for "DATA[24]" at bus_latch.vhd(16) File: C:/intelFPGA_lite/18.0/4712/Project/bus_latch.vhd Line: 16
Info (10041): Inferred latch for "DATA[25]" at bus_latch.vhd(16) File: C:/intelFPGA_lite/18.0/4712/Project/bus_latch.vhd Line: 16
Info (10041): Inferred latch for "DATA[26]" at bus_latch.vhd(16) File: C:/intelFPGA_lite/18.0/4712/Project/bus_latch.vhd Line: 16
Info (10041): Inferred latch for "DATA[27]" at bus_latch.vhd(16) File: C:/intelFPGA_lite/18.0/4712/Project/bus_latch.vhd Line: 16
Info (10041): Inferred latch for "DATA[28]" at bus_latch.vhd(16) File: C:/intelFPGA_lite/18.0/4712/Project/bus_latch.vhd Line: 16
Info (10041): Inferred latch for "DATA[29]" at bus_latch.vhd(16) File: C:/intelFPGA_lite/18.0/4712/Project/bus_latch.vhd Line: 16
Info (10041): Inferred latch for "DATA[30]" at bus_latch.vhd(16) File: C:/intelFPGA_lite/18.0/4712/Project/bus_latch.vhd Line: 16
Info (10041): Inferred latch for "DATA[31]" at bus_latch.vhd(16) File: C:/intelFPGA_lite/18.0/4712/Project/bus_latch.vhd Line: 16
Info (12128): Elaborating entity "LARams" for hierarchy "ctrler:controller|datapath:dp|Memory:Memmy|LARams:Rammy" File: C:/intelFPGA_lite/18.0/4712/Project/Memory.vhd Line: 75
Info (12128): Elaborating entity "altsyncram" for hierarchy "ctrler:controller|datapath:dp|Memory:Memmy|LARams:Rammy|altsyncram:altsyncram_component" File: C:/intelFPGA_lite/18.0/4712/Project/LARams.vhd Line: 61
Info (12130): Elaborated megafunction instantiation "ctrler:controller|datapath:dp|Memory:Memmy|LARams:Rammy|altsyncram:altsyncram_component" File: C:/intelFPGA_lite/18.0/4712/Project/LARams.vhd Line: 61
Info (12133): Instantiated megafunction "ctrler:controller|datapath:dp|Memory:Memmy|LARams:Rammy|altsyncram:altsyncram_component" with the following parameter: File: C:/intelFPGA_lite/18.0/4712/Project/LARams.vhd Line: 61
    Info (12134): Parameter "address_aclr_a" = "UNUSED"
    Info (12134): Parameter "address_aclr_b" = "NONE"
    Info (12134): Parameter "address_reg_b" = "CLOCK1"
    Info (12134): Parameter "byte_size" = "8"
    Info (12134): Parameter "byteena_aclr_a" = "UNUSED"
    Info (12134): Parameter "byteena_aclr_b" = "NONE"
    Info (12134): Parameter "byteena_reg_b" = "CLOCK1"
    Info (12134): Parameter "clock_enable_core_a" = "USE_INPUT_CLKEN"
    Info (12134): Parameter "clock_enable_core_b" = "USE_INPUT_CLKEN"
    Info (12134): Parameter "clock_enable_input_a" = "BYPASS"
    Info (12134): Parameter "clock_enable_input_b" = "NORMAL"
    Info (12134): Parameter "clock_enable_output_a" = "BYPASS"
    Info (12134): Parameter "clock_enable_output_b" = "NORMAL"
    Info (12134): Parameter "intended_device_family" = "MAX 10"
    Info (12134): Parameter "ecc_pipeline_stage_enabled" = "FALSE"
    Info (12134): Parameter "enable_ecc" = "FALSE"
    Info (12134): Parameter "implement_in_les" = "OFF"
    Info (12134): Parameter "indata_aclr_a" = "UNUSED"
    Info (12134): Parameter "indata_aclr_b" = "NONE"
    Info (12134): Parameter "indata_reg_b" = "CLOCK1"
    Info (12134): Parameter "init_file" = "TestCase1.mif"
    Info (12134): Parameter "init_file_layout" = "PORT_A"
    Info (12134): Parameter "maximum_depth" = "0"
    Info (12134): Parameter "numwords_a" = "256"
    Info (12134): Parameter "numwords_b" = "0"
    Info (12134): Parameter "operation_mode" = "SINGLE_PORT"
    Info (12134): Parameter "outdata_aclr_a" = "NONE"
    Info (12134): Parameter "outdata_aclr_b" = "NONE"
    Info (12134): Parameter "outdata_reg_a" = "UNREGISTERED"
    Info (12134): Parameter "outdata_reg_b" = "UNREGISTERED"
    Info (12134): Parameter "power_up_uninitialized" = "FALSE"
    Info (12134): Parameter "ram_block_type" = "AUTO"
    Info (12134): Parameter "rdcontrol_aclr_b" = "NONE"
    Info (12134): Parameter "rdcontrol_reg_b" = "CLOCK1"
    Info (12134): Parameter "read_during_write_mode_mixed_ports" = "DONT_CARE"
    Info (12134): Parameter "read_during_write_mode_port_a" = "NEW_DATA_NO_NBE_READ"
    Info (12134): Parameter "read_during_write_mode_port_b" = "NEW_DATA_NO_NBE_READ"
    Info (12134): Parameter "stratixiv_m144k_allow_dual_clocks" = "ON"
    Info (12134): Parameter "width_a" = "32"
    Info (12134): Parameter "width_b" = "1"
    Info (12134): Parameter "width_byteena_a" = "1"
    Info (12134): Parameter "width_byteena_b" = "1"
    Info (12134): Parameter "width_eccstatus" = "3"
    Info (12134): Parameter "widthad_a" = "8"
    Info (12134): Parameter "widthad_b" = "1"
    Info (12134): Parameter "wrcontrol_aclr_a" = "UNUSED"
    Info (12134): Parameter "wrcontrol_aclr_b" = "NONE"
    Info (12134): Parameter "wrcontrol_wraddress_reg_b" = "CLOCK1"
    Info (12134): Parameter "lpm_hint" = "ENABLE_RUNTIME_MOD=NO"
    Info (12134): Parameter "lpm_type" = "altsyncram"
Info (12021): Found 1 design units, including 1 entities, in source file db/altsyncram_elr3.tdf
    Info (12023): Found entity 1: altsyncram_elr3 File: C:/intelFPGA_lite/18.0/4712/Project/db/altsyncram_elr3.tdf Line: 27
Info (12128): Elaborating entity "altsyncram_elr3" for hierarchy "ctrler:controller|datapath:dp|Memory:Memmy|LARams:Rammy|altsyncram:altsyncram_component|altsyncram_elr3:auto_generated" File: c:/intelfpga_lite/18.0/quartus/libraries/megafunctions/altsyncram.tdf Line: 791
Info (12128): Elaborating entity "genmux" for hierarchy "ctrler:controller|datapath:dp|genmux:PCmux" File: C:/intelFPGA_lite/18.0/4712/Project/datapath.vhd Line: 130
Info (12128): Elaborating entity "reg" for hierarchy "ctrler:controller|datapath:dp|reg:IR" File: C:/intelFPGA_lite/18.0/4712/Project/datapath.vhd Line: 137
Info (12128): Elaborating entity "genmux" for hierarchy "ctrler:controller|datapath:dp|genmux:WRregMux" File: C:/intelFPGA_lite/18.0/4712/Project/datapath.vhd Line: 151
Info (12128): Elaborating entity "registerfile" for hierarchy "ctrler:controller|datapath:dp|registerfile:reggiefile" File: C:/intelFPGA_lite/18.0/4712/Project/datapath.vhd Line: 163
Info (12128): Elaborating entity "signextend" for hierarchy "ctrler:controller|datapath:dp|signextend:signextender" File: C:/intelFPGA_lite/18.0/4712/Project/datapath.vhd Line: 175
Info (12128): Elaborating entity "genmux4" for hierarchy "ctrler:controller|datapath:dp|genmux4:input2mux" File: C:/intelFPGA_lite/18.0/4712/Project/datapath.vhd Line: 197
Info (12128): Elaborating entity "alu_ns" for hierarchy "ctrler:controller|datapath:dp|alu_ns:ALU" File: C:/intelFPGA_lite/18.0/4712/Project/datapath.vhd Line: 204
Warning (10036): Verilog HDL or VHDL warning at alu_ns.vhd(25): object "notsig" assigned a value but never read File: C:/intelFPGA_lite/18.0/4712/Project/alu_ns.vhd Line: 25
Warning (10036): Verilog HDL or VHDL warning at alu_ns.vhd(26): object "norsig" assigned a value but never read File: C:/intelFPGA_lite/18.0/4712/Project/alu_ns.vhd Line: 26
Warning (10036): Verilog HDL or VHDL warning at alu_ns.vhd(30): object "nandsig" assigned a value but never read File: C:/intelFPGA_lite/18.0/4712/Project/alu_ns.vhd Line: 30
Info (12128): Elaborating entity "ALUcontroller" for hierarchy "ctrler:controller|datapath:dp|ALUcontroller:alucard" File: C:/intelFPGA_lite/18.0/4712/Project/datapath.vhd Line: 214
Warning (10540): VHDL Signal Declaration warning at ALUcontroller.vhd(10): used explicit default value for signal "LO_en" because signal was never assigned a value File: C:/intelFPGA_lite/18.0/4712/Project/ALUcontroller.vhd Line: 10
Info: Quartus Prime Analysis & Elaboration was successful. 0 errors, 15 warnings
    Info: Peak virtual memory: 4828 megabytes
    Info: Processing ended: Thu Nov 29 00:28:27 2018
    Info: Elapsed time: 00:00:14
    Info: Total CPU time (on all processors): 00:00:29


